2019-06-28 11:21:05.835  INFO 8048 --- [restartedMain] c.products.Products.ProductsApplication  : Starting ProductsApplication on EC2AMAZ-D6CO0GA with PID 8048 (C:\Users\ninja\Desktop\bankApp\51805594\Products\target\classes started by ninja in C:\Users\ninja\Desktop\bankApp\51805594\Products)
2019-06-28 11:21:05.835  INFO 8048 --- [restartedMain] c.products.Products.ProductsApplication  : No active profile set, falling back to default profiles: default
2019-06-28 11:21:06.213  INFO 8048 --- [restartedMain] .s.d.r.c.RepositoryConfigurationDelegate : Bootstrapping Spring Data repositories in DEFAULT mode.
2019-06-28 11:21:06.213  INFO 8048 --- [restartedMain] .s.d.r.c.RepositoryConfigurationDelegate : Finished Spring Data repository scanning in 0ms. Found 0 repository interfaces.
2019-06-28 11:21:06.260  INFO 8048 --- [restartedMain] trationDelegate$BeanPostProcessorChecker : Bean 'org.springframework.transaction.annotation.ProxyTransactionManagementConfiguration' of type [org.springframework.transaction.annotation.ProxyTransactionManagementConfiguration$$EnhancerBySpringCGLIB$$ddac522c] is not eligible for getting processed by all BeanPostProcessors (for example: not eligible for auto-proxying)
2019-06-28 11:21:06.354  INFO 8048 --- [restartedMain] o.s.b.w.embedded.tomcat.TomcatWebServer  : Tomcat initialized with port(s): 9094 (http)
2019-06-28 11:21:06.354  INFO 8048 --- [restartedMain] o.apache.catalina.core.StandardService   : Starting service [Tomcat]
2019-06-28 11:21:06.354  INFO 8048 --- [restartedMain] org.apache.catalina.core.StandardEngine  : Starting Servlet engine: [Apache Tomcat/9.0.17]
2019-06-28 11:21:06.369  INFO 8048 --- [restartedMain] o.a.c.c.C.[Tomcat].[localhost].[/]       : Initializing Spring embedded WebApplicationContext
2019-06-28 11:21:06.369  INFO 8048 --- [restartedMain] o.s.web.context.ContextLoader            : Root WebApplicationContext: initialization completed in 534 ms
2019-06-28 11:21:06.416  INFO 8048 --- [restartedMain] com.zaxxer.hikari.HikariDataSource       : HikariPool-8 - Starting...
2019-06-28 11:21:06.416  WARN 8048 --- [restartedMain] com.zaxxer.hikari.util.DriverDataSource  : Registered driver with driverClassName=com.mysql.jdbc.Driver was not found, trying direct instantiation.
2019-06-28 11:21:06.432  INFO 8048 --- [restartedMain] com.zaxxer.hikari.HikariDataSource       : HikariPool-8 - Start completed.
2019-06-28 11:21:06.432  INFO 8048 --- [restartedMain] o.hibernate.jpa.internal.util.LogHelper  : HHH000204: Processing PersistenceUnitInfo [
	name: default
	...]
2019-06-28 11:21:06.447  INFO 8048 --- [restartedMain] org.hibernate.dialect.Dialect            : HHH000400: Using dialect: org.hibernate.dialect.MySQL5Dialect
2019-06-28 11:21:06.463  INFO 8048 --- [restartedMain] j.LocalContainerEntityManagerFactoryBean : Initialized JPA EntityManagerFactory for persistence unit 'default'
2019-06-28 11:21:06.479  INFO 8048 --- [restartedMain] o.s.b.d.a.OptionalLiveReloadServer       : LiveReload server is running on port 35729
2019-06-28 11:21:06.557  WARN 8048 --- [restartedMain] aWebConfiguration$JpaWebMvcConfiguration : spring.jpa.open-in-view is enabled by default. Therefore, database queries may be performed during view rendering. Explicitly configure spring.jpa.open-in-view to disable this warning
2019-06-28 11:21:06.619  INFO 8048 --- [restartedMain] pertySourcedRequestMappingHandlerMapping : Mapped URL path [/v2/api-docs] onto method [public org.springframework.http.ResponseEntity<springfox.documentation.spring.web.json.Json> springfox.documentation.swagger2.web.Swagger2Controller.getDocumentation(java.lang.String,javax.servlet.http.HttpServletRequest)]
2019-06-28 11:21:06.673  INFO 8048 --- [restartedMain] o.s.s.concurrent.ThreadPoolTaskExecutor  : Initializing ExecutorService 'applicationTaskExecutor'
2019-06-28 11:21:06.735  INFO 8048 --- [restartedMain] d.s.w.p.DocumentationPluginsBootstrapper : Context refreshed
2019-06-28 11:21:06.735  INFO 8048 --- [restartedMain] d.s.w.p.DocumentationPluginsBootstrapper : Found 1 custom documentation plugin(s)
2019-06-28 11:21:06.735  INFO 8048 --- [restartedMain] s.d.s.w.s.ApiListingReferenceScanner     : Scanning for api listing references
2019-06-28 11:21:06.766  INFO 8048 --- [restartedMain] o.s.b.w.embedded.tomcat.TomcatWebServer  : Tomcat started on port(s): 9094 (http) with context path ''
2019-06-28 11:21:06.766  INFO 8048 --- [restartedMain] c.products.Products.ProductsApplication  : Started ProductsApplication in 0.962 seconds (JVM running for 761.38)
2019-06-28 11:21:06.766  INFO 8048 --- [restartedMain] .ConditionEvaluationDeltaLoggingListener : Condition evaluation unchanged
2019-06-28 11:21:11.235  INFO 8048 --- [Thread-46] o.s.s.concurrent.ThreadPoolTaskExecutor  : Shutting down ExecutorService 'applicationTaskExecutor'
2019-06-28 11:21:11.242  INFO 8048 --- [Thread-46] j.LocalContainerEntityManagerFactoryBean : Closing JPA EntityManagerFactory for persistence unit 'default'
2019-06-28 11:21:11.242  INFO 8048 --- [Thread-46] com.zaxxer.hikari.HikariDataSource       : HikariPool-8 - Shutdown initiated...
2019-06-28 11:21:11.242  INFO 8048 --- [Thread-46] com.zaxxer.hikari.HikariDataSource       : HikariPool-8 - Shutdown completed.
